\BOOKMARK [0][-]{section*.1}{\376\377\000C\000o\000n\000t\000e\000n\000t\000s}{}% 1
\BOOKMARK [0][-]{section*.2}{\376\377\000L\000i\000s\000t\000\040\000o\000f\000\040\000F\000i\000g\000u\000r\000e\000s}{}% 2
\BOOKMARK [0][-]{section*.3}{\376\377\000L\000i\000s\000t\000\040\000o\000f\000\040\000T\000a\000b\000l\000e\000s}{}% 3
\BOOKMARK [0][-]{chapter.1}{\376\377\000P\000r\000o\000b\000l\000e\000m\000\040\000D\000e\000s\000c\000r\000i\000p\000t\000i\000o\000n}{}% 4
\BOOKMARK [1][-]{section.1.1}{\376\377\000M\000o\000t\000i\000v\000a\000t\000i\000o\000n}{chapter.1}% 5
\BOOKMARK [1][-]{section.1.2}{\376\377\000P\000o\000i\000n\000t\000\040\000v\000s\000\040\000p\000r\000o\000b\000a\000b\000i\000l\000i\000s\000t\000i\000c\000\040\000f\000o\000r\000e\000c\000a\000s\000t}{chapter.1}% 6
\BOOKMARK [1][-]{section.1.3}{\376\377\000A\000i\000m\000s\000\040\000a\000n\000d\000\040\000o\000b\000j\000e\000c\000t\000i\000v\000e\000s}{chapter.1}% 7
\BOOKMARK [1][-]{section.1.4}{\376\377\000O\000u\000t\000l\000i\000n\000e}{chapter.1}% 8
\BOOKMARK [0][-]{chapter.2}{\376\377\000L\000i\000t\000e\000r\000a\000t\000u\000r\000e\000\040\000R\000e\000v\000i\000e\000w}{}% 9
\BOOKMARK [1][-]{section.2.1}{\376\377\000E\000l\000e\000c\000t\000r\000i\000c\000i\000t\000y\000\040\000f\000o\000r\000e\000c\000a\000s\000t\000i\000n\000g\000\040\000c\000l\000a\000s\000s\000i\000f\000i\000c\000a\000t\000i\000o\000n}{chapter.2}% 10
\BOOKMARK [2][-]{subsection.2.1.1}{\376\377\000T\000y\000p\000e\000s}{section.2.1}% 11
\BOOKMARK [2][-]{subsection.2.1.2}{\376\377\000F\000o\000r\000e\000c\000a\000s\000t\000i\000n\000g\000\040\000h\000o\000r\000i\000z\000o\000n\000s}{section.2.1}% 12
\BOOKMARK [2][-]{subsection.2.1.3}{\376\377\000S\000i\000z\000e}{section.2.1}% 13
\BOOKMARK [2][-]{subsection.2.1.4}{\376\377\000P\000o\000i\000n\000t\000\040\000v\000s\000\040\000P\000r\000o\000b\000a\000b\000i\000l\000i\000s\000t\000i\000c}{section.2.1}% 14
\BOOKMARK [1][-]{section.2.2}{\376\377\000B\000i\000b\000l\000i\000o\000g\000r\000a\000p\000h\000i\000c\000\040\000a\000n\000a\000l\000y\000s\000i\000s}{chapter.2}% 15
\BOOKMARK [1][-]{section.2.3}{\376\377\000E\000F\000\040\000l\000i\000t\000e\000r\000a\000t\000u\000r\000e\000\040\000r\000e\000v\000i\000e\000w}{chapter.2}% 16
\BOOKMARK [1][-]{section.2.4}{\376\377\000K\000e\000r\000n\000e\000l\000\040\000m\000e\000t\000h\000o\000d\000s\000\040\000l\000i\000t\000e\000r\000a\000t\000u\000r\000e\000\040\000r\000e\000v\000i\000e\000w}{chapter.2}% 17
\BOOKMARK [0][-]{chapter.3}{\376\377\000K\000e\000r\000n\000e\000l\000\040\000T\000h\000e\000o\000r\000y}{}% 18
\BOOKMARK [1][-]{section.3.1}{\376\377\000K\000e\000r\000n\000e\000l\000\040\000M\000e\000a\000n\000\040\000E\000m\000b\000e\000d\000d\000i\000n\000g\000\040\000o\000f\000\040\000D\000i\000s\000t\000r\000i\000b\000u\000t\000i\000o\000n\000s\000:\000\040\000A\000\040\000R\000e\000v\000i\000e\000w\000\040\000a\000n\000d\000\040\000B\000e\000y\000o\000n\000d}{chapter.3}% 19
\BOOKMARK [2][-]{subsection.3.1.1}{\376\377\000R\000K\000H\000S}{section.3.1}% 20
\BOOKMARK [1][-]{section.3.2}{\376\377\000R\000e\000c\000o\000v\000e\000r\000i\000n\000g\000\040\000D\000i\000s\000t\000r\000i\000b\000u\000t\000i\000o\000n\000s\000\040\000f\000r\000o\000m\000\040\000G\000a\000u\000s\000s\000i\000a\000n\000\040\000R\000K\000H\000S\000\040\000E\000m\000b\000e\000d\000d\000i\000n\000g\000s}{chapter.3}% 21
\BOOKMARK [1][-]{section.3.3}{\376\377\000S\000u\000p\000e\000r\000-\000S\000a\000m\000p\000l\000e\000s\000\040\000f\000r\000o\000m\000\040\000K\000e\000r\000n\000e\000l\000\040\000H\000e\000r\000d\000i\000n\000g}{chapter.3}% 22
\BOOKMARK [0][-]{chapter.4}{\376\377\000Q\000u\000a\000n\000t\000i\000l\000e\000\040\000R\000e\000g\000r\000e\000s\000s\000i\000o\000n}{}% 23
\BOOKMARK [0][-]{chapter.5}{\376\377\000K\000e\000r\000n\000e\000l\000\040\000D\000e\000n\000s\000i\000t\000y\000\040\000E\000s\000t\000i\000m\000a\000t\000i\000o\000n}{}% 24
\BOOKMARK [0][-]{chapter.6}{\376\377\000E\000n\000s\000e\000m\000b\000l\000e\000\040\000M\000e\000t\000h\000o\000d\000s}{}% 25
\BOOKMARK [0][-]{chapter.7}{\376\377\000T\000h\000e\000\040\000E\000n\000e\000r\000g\000y\000\040\000M\000a\000r\000k\000e\000t}{}% 26
\BOOKMARK [0][-]{chapter.8}{\376\377\000E\000v\000a\000l\000u\000a\000t\000i\000o\000n\000\040\000m\000e\000t\000r\000i\000c\000s}{}% 27
\BOOKMARK [1][-]{section.8.1}{\376\377\000M\000A\000P\000E}{chapter.8}% 28
\BOOKMARK [1][-]{section.8.2}{\376\377\000C\000R\000P\000S}{chapter.8}% 29
\BOOKMARK [0][-]{chapter.9}{\376\377\000E\000x\000p\000l\000o\000r\000a\000t\000o\000r\000y\000\040\000A\000n\000a\000l\000y\000s\000i\000s\000\040\000a\000n\000d\000\040\000D\000a\000t\000a\000\040\000E\000T\000L}{}% 30
\BOOKMARK [0][-]{chapter.10}{\376\377\000I\000m\000p\000l\000e\000m\000e\000n\000t\000a\000t\000i\000o\000n}{}% 31
\BOOKMARK [0][-]{chapter.11}{\376\377\000E\000x\000p\000e\000r\000i\000m\000e\000n\000t\000s\000\040\000A\000n\000a\000l\000y\000s\000i\000s}{}% 32
\BOOKMARK [0][-]{section*.4}{\376\377\000L\000i\000s\000t\000\040\000o\000f\000\040\000S\000y\000m\000b\000o\000l\000s}{}% 33
\BOOKMARK [0][-]{appendix.A}{\376\377\000A\000p\000p\000e\000n\000d\000i\000x}{}% 34
\BOOKMARK [1][-]{section.A.1}{\376\377\000F\000e\000a\000t\000u\000r\000e\000\040\000M\000a\000p\000\040\000N\000o\000r\000m\000a\000l\000i\000z\000a\000t\000i\000o\000n}{appendix.A}% 35
\BOOKMARK [1][-]{section.A.2}{\376\377\000S\000r\000c\000\040\000c\000o\000d\000e}{appendix.A}% 36
\BOOKMARK [0][-]{appendix*.6}{\376\377\000B\000i\000b\000l\000i\000o\000g\000r\000a\000p\000h\000y}{}% 37
